2026-04-12 15:44:30 com.example.student.StudentApplication - Starting StudentApplication using Java 25.0.2 with PID 30728 (C:\Users\aless\IdeaProjects\student\target\classes started by aless in C:\Users\aless\IdeaProjects\student)
2026-04-12 15:44:30 com.example.student.StudentApplication - Running with Spring Boot v4.0.2, Spring v7.0.3
2026-04-12 15:44:30 com.example.student.StudentApplication - No active profile set, falling back to 1 default profile: "default"
2026-04-12 15:44:30 o.h.validator.internal.util.Version - HV000001: Hibernate Validator 9.0.1.Final
2026-04-12 15:44:31 o.s.d.r.c.RepositoryConfigurationDelegate - Bootstrapping Spring Data JPA repositories in DEFAULT mode.
2026-04-12 15:44:31 o.s.d.r.c.RepositoryConfigurationDelegate - Finished Spring Data repository scanning in 83 ms. Found 5 JPA repository interfaces.
2026-04-12 15:44:32 o.s.boot.tomcat.TomcatWebServer - Tomcat initialized with port 8080 (http)
2026-04-12 15:44:32 o.apache.coyote.http11.Http11NioProtocol - Initializing ProtocolHandler ["http-nio-8080"]
2026-04-12 15:44:32 o.apache.catalina.core.StandardService - Starting service [Tomcat]
2026-04-12 15:44:32 org.apache.catalina.core.StandardEngine - Starting Servlet engine: [Apache Tomcat/11.0.15]
2026-04-12 15:44:32 o.s.b.w.c.s.WebApplicationContextInitializer - Root WebApplicationContext: initialization completed in 1887 ms
2026-04-12 15:44:32 org.hibernate.orm.jpa - HHH008540: Processing PersistenceUnitInfo [name: default]
2026-04-12 15:44:32 org.hibernate.orm.core - HHH000001: Hibernate ORM core version 7.2.1.Final
2026-04-12 15:44:33 o.s.o.j.p.SpringPersistenceUnitInfo - No LoadTimeWeaver setup: ignoring JPA class transformer
2026-04-12 15:44:33 com.zaxxer.hikari.HikariDataSource - HikariPool-1 - Starting...
2026-04-12 15:44:33 com.zaxxer.hikari.pool.HikariPool - HikariPool-1 - Added connection org.postgresql.jdbc.PgConnection@5df54296
2026-04-12 15:44:33 com.zaxxer.hikari.HikariDataSource - HikariPool-1 - Start completed.
2026-04-12 15:44:33 org.hibernate.orm.deprecation - HHH90000025: PostgreSQLDialect does not need to be specified explicitly using 'hibernate.dialect' (remove the property setting and it will be selected by default)
2026-04-12 15:44:33 org.hibernate.orm.connections.pooling - HHH10001005: Database info:
	Database JDBC URL [jdbc:postgresql://localhost:5432/studentdb]
	Database driver: PostgreSQL JDBC Driver
	Database dialect: PostgreSQLDialect
	Database version: 18.3
	Default catalog/schema: studentdb/public
	Autocommit mode: undefined/unknown
	Isolation level: READ_COMMITTED [default READ_COMMITTED]
	JDBC fetch size: none
	Pool: DataSourceConnectionProvider
	Minimum pool size: undefined/unknown
	Maximum pool size: undefined/unknown
2026-04-12 15:44:35 org.hibernate.orm.core - HHH000489: No JTA platform available (set 'hibernate.transaction.jta.platform' to enable JTA platform integration)
2026-04-12 15:44:35 o.s.o.j.LocalContainerEntityManagerFactoryBean - Initialized JPA EntityManagerFactory for persistence unit 'default'
2026-04-12 15:44:35 o.s.d.j.r.query.QueryEnhancerFactories - Hibernate is in classpath; If applicable, HQL parser will be used.
2026-04-12 15:44:37 o.s.b.j.a.JpaBaseConfiguration$JpaWebConfiguration - spring.jpa.open-in-view is enabled by default. Therefore, database queries may be performed during view rendering. Explicitly configure spring.jpa.open-in-view to disable this warning
2026-04-12 15:44:38 o.apache.coyote.http11.Http11NioProtocol - Starting ProtocolHandler ["http-nio-8080"]
2026-04-12 15:44:38 o.s.boot.tomcat.TomcatWebServer - Tomcat started on port 8080 (http) with context path '/'
2026-04-12 15:44:38 com.example.student.StudentApplication - Started StudentApplication in 8.306 seconds (process running for 8.855)
2026-04-12 15:44:38 o.s.core.events.SpringDocAppInitializer - SpringDoc /v3/api-docs endpoint is enabled by default. To disable it in production, set the property 'springdoc.api-docs.enabled=false'
2026-04-12 15:44:38 o.s.core.events.SpringDocAppInitializer - SpringDoc /swagger-ui.html endpoint is enabled by default. To disable it in production, set the property 'springdoc.swagger-ui.enabled=false'
2026-04-12 15:44:44 o.a.c.c.C.[Tomcat].[localhost].[/] - Initializing Spring DispatcherServlet 'dispatcherServlet'
2026-04-12 15:44:44 o.s.web.servlet.DispatcherServlet - Initializing Servlet 'dispatcherServlet'
2026-04-12 15:44:44 o.s.web.servlet.DispatcherServlet - Completed initialization in 2 ms
2026-04-12 15:44:45 o.springdoc.api.AbstractOpenApiResource - Init duration for springdoc-openapi is: 878 ms
2026-04-12 15:45:25 c.e.student.aop.ExecutionTimeAspect - время выполнения: 5 мс | AsyncDemoTaskService.submitTask()
2026-04-12 15:45:25 c.e.student.aop.ExecutionTimeAspect - время выполнения: 407 мс | AsyncDemoTaskService.runAsync(..)
2026-04-12 15:45:55 c.e.student.aop.ExecutionTimeAspect - время выполнения: 2 мс | AsyncDemoTaskService.findStatus(..)
2026-04-12 15:45:58 c.e.student.aop.ExecutionTimeAspect - время выполнения: 0 мс | AsyncDemoTaskService.findStatus(..)
2026-04-12 15:45:59 c.e.student.aop.ExecutionTimeAspect - время выполнения: 0 мс | AsyncDemoTaskService.findStatus(..)
2026-04-12 15:46:00 c.e.student.aop.ExecutionTimeAspect - время выполнения: 0 мс | AsyncDemoTaskService.findStatus(..)
2026-04-12 15:46:00 c.e.student.aop.ExecutionTimeAspect - время выполнения: 0 мс | AsyncDemoTaskService.findStatus(..)
2026-04-12 15:46:01 c.e.student.aop.ExecutionTimeAspect - время выполнения: 0 мс | AsyncDemoTaskService.findStatus(..)
2026-04-12 15:46:02 c.e.student.aop.ExecutionTimeAspect - время выполнения: 0 мс | AsyncDemoTaskService.findStatus(..)
2026-04-12 15:46:11 c.e.student.aop.ExecutionTimeAspect - время выполнения: 11 мс | RaceConditionDemoService.runRaceDemo()
2026-04-12 15:46:16 c.e.student.aop.ExecutionTimeAspect - время выполнения: 11 мс | RaceConditionDemoService.runRaceDemo()
2026-04-12 15:46:17 c.e.student.aop.ExecutionTimeAspect - время выполнения: 18 мс | RaceConditionDemoService.runRaceDemo()
2026-04-12 15:46:18 c.e.student.aop.ExecutionTimeAspect - время выполнения: 10 мс | RaceConditionDemoService.runRaceDemo()
2026-04-12 15:46:19 c.e.student.aop.ExecutionTimeAspect - время выполнения: 6 мс | RaceConditionDemoService.runRaceDemo()
2026-04-12 15:46:20 c.e.student.aop.ExecutionTimeAspect - время выполнения: 4 мс | RaceConditionDemoService.runRaceDemo()
2026-04-12 15:46:22 c.e.student.aop.ExecutionTimeAspect - время выполнения: 11 мс | RaceConditionDemoService.runRaceDemo()
2026-04-12 15:46:29 c.e.student.aop.ExecutionTimeAspect - время выполнения: 0 мс | ThreadSafeCounter.get()
2026-04-12 15:46:33 c.e.student.aop.ExecutionTimeAspect - время выполнения: 0 мс | ThreadSafeCounter.get()
2026-04-12 15:47:11 o.s.boot.tomcat.GracefulShutdown - Commencing graceful shutdown. Waiting for active requests to complete
2026-04-12 15:47:11 o.s.boot.tomcat.GracefulShutdown - Graceful shutdown complete
2026-04-12 15:47:11 o.s.o.j.LocalContainerEntityManagerFactoryBean - Closing JPA EntityManagerFactory for persistence unit 'default'
2026-04-12 15:47:11 com.zaxxer.hikari.HikariDataSource - HikariPool-1 - Shutdown initiated...
2026-04-12 15:47:11 com.zaxxer.hikari.HikariDataSource - HikariPool-1 - Shutdown completed.
2026-04-12 15:47:14 com.example.student.StudentApplication - Starting StudentApplication using Java 25.0.2 with PID 36868 (C:\Users\aless\IdeaProjects\student\target\classes started by aless in C:\Users\aless\IdeaProjects\student)
2026-04-12 15:47:14 com.example.student.StudentApplication - Running with Spring Boot v4.0.2, Spring v7.0.3
2026-04-12 15:47:14 com.example.student.StudentApplication - No active profile set, falling back to 1 default profile: "default"
2026-04-12 15:47:15 o.h.validator.internal.util.Version - HV000001: Hibernate Validator 9.0.1.Final
2026-04-12 15:47:15 o.s.d.r.c.RepositoryConfigurationDelegate - Bootstrapping Spring Data JPA repositories in DEFAULT mode.
2026-04-12 15:47:15 o.s.d.r.c.RepositoryConfigurationDelegate - Finished Spring Data repository scanning in 52 ms. Found 5 JPA repository interfaces.
2026-04-12 15:47:16 o.s.boot.tomcat.TomcatWebServer - Tomcat initialized with port 8080 (http)
2026-04-12 15:47:16 o.apache.coyote.http11.Http11NioProtocol - Initializing ProtocolHandler ["http-nio-8080"]
2026-04-12 15:47:16 o.apache.catalina.core.StandardService - Starting service [Tomcat]
2026-04-12 15:47:16 org.apache.catalina.core.StandardEngine - Starting Servlet engine: [Apache Tomcat/11.0.15]
2026-04-12 15:47:16 o.s.b.w.c.s.WebApplicationContextInitializer - Root WebApplicationContext: initialization completed in 1429 ms
2026-04-12 15:47:16 org.hibernate.orm.jpa - HHH008540: Processing PersistenceUnitInfo [name: default]
2026-04-12 15:47:16 org.hibernate.orm.core - HHH000001: Hibernate ORM core version 7.2.1.Final
2026-04-12 15:47:16 o.s.o.j.p.SpringPersistenceUnitInfo - No LoadTimeWeaver setup: ignoring JPA class transformer
2026-04-12 15:47:16 com.zaxxer.hikari.HikariDataSource - HikariPool-1 - Starting...
2026-04-12 15:47:16 com.zaxxer.hikari.pool.HikariPool - HikariPool-1 - Added connection org.postgresql.jdbc.PgConnection@5df54296
2026-04-12 15:47:16 com.zaxxer.hikari.HikariDataSource - HikariPool-1 - Start completed.
2026-04-12 15:47:16 org.hibernate.orm.deprecation - HHH90000025: PostgreSQLDialect does not need to be specified explicitly using 'hibernate.dialect' (remove the property setting and it will be selected by default)
2026-04-12 15:47:16 org.hibernate.orm.connections.pooling - HHH10001005: Database info:
	Database JDBC URL [jdbc:postgresql://localhost:5432/studentdb]
	Database driver: PostgreSQL JDBC Driver
	Database dialect: PostgreSQLDialect
	Database version: 18.3
	Default catalog/schema: studentdb/public
	Autocommit mode: undefined/unknown
	Isolation level: READ_COMMITTED [default READ_COMMITTED]
	JDBC fetch size: none
	Pool: DataSourceConnectionProvider
	Minimum pool size: undefined/unknown
	Maximum pool size: undefined/unknown
2026-04-12 15:47:18 org.hibernate.orm.core - HHH000489: No JTA platform available (set 'hibernate.transaction.jta.platform' to enable JTA platform integration)
2026-04-12 15:47:18 o.s.o.j.LocalContainerEntityManagerFactoryBean - Initialized JPA EntityManagerFactory for persistence unit 'default'
2026-04-12 15:47:18 o.s.d.j.r.query.QueryEnhancerFactories - Hibernate is in classpath; If applicable, HQL parser will be used.
2026-04-12 15:47:19 o.s.b.j.a.JpaBaseConfiguration$JpaWebConfiguration - spring.jpa.open-in-view is enabled by default. Therefore, database queries may be performed during view rendering. Explicitly configure spring.jpa.open-in-view to disable this warning
2026-04-12 15:47:20 o.apache.coyote.http11.Http11NioProtocol - Starting ProtocolHandler ["http-nio-8080"]
2026-04-12 15:47:20 o.s.boot.tomcat.TomcatWebServer - Tomcat started on port 8080 (http) with context path '/'
2026-04-12 15:47:20 com.example.student.StudentApplication - Started StudentApplication in 6.562 seconds (process running for 6.926)
2026-04-12 15:47:20 o.s.core.events.SpringDocAppInitializer - SpringDoc /v3/api-docs endpoint is enabled by default. To disable it in production, set the property 'springdoc.api-docs.enabled=false'
2026-04-12 15:47:20 o.s.core.events.SpringDocAppInitializer - SpringDoc /swagger-ui.html endpoint is enabled by default. To disable it in production, set the property 'springdoc.swagger-ui.enabled=false'
2026-04-12 15:47:25 o.a.c.c.C.[Tomcat].[localhost].[/] - Initializing Spring DispatcherServlet 'dispatcherServlet'
2026-04-12 15:47:25 o.s.web.servlet.DispatcherServlet - Initializing Servlet 'dispatcherServlet'
2026-04-12 15:47:25 o.s.web.servlet.DispatcherServlet - Completed initialization in 0 ms
2026-04-12 15:47:25 c.e.student.aop.ExecutionTimeAspect - время выполнения: 4 мс | AsyncDemoTaskService.submitTask()
2026-04-12 15:47:26 c.e.student.aop.ExecutionTimeAspect - время выполнения: 408 мс | AsyncDemoTaskService.runAsync(..)
2026-04-12 15:47:35 c.e.student.aop.ExecutionTimeAspect - время выполнения: 0 мс | AsyncDemoTaskService.findStatus(..)
2026-04-12 15:47:42 o.s.boot.tomcat.GracefulShutdown - Commencing graceful shutdown. Waiting for active requests to complete
2026-04-12 15:47:42 o.s.boot.tomcat.GracefulShutdown - Graceful shutdown complete
2026-04-12 15:47:42 o.s.o.j.LocalContainerEntityManagerFactoryBean - Closing JPA EntityManagerFactory for persistence unit 'default'
2026-04-12 15:47:42 com.zaxxer.hikari.HikariDataSource - HikariPool-1 - Shutdown initiated...
2026-04-12 15:47:42 com.zaxxer.hikari.HikariDataSource - HikariPool-1 - Shutdown completed.
